Session: 21T3

Submission: iteration3
------------------------------
Files found: submission.hash
------------------------------

Student declaration
-------------------
* This assignment is my own work, except where permitted by
  the originality rules for this course and this assignment.
* This assignment has not been submitted for academic credit
  elsewhere.
* I have read and understood the University Rules in respect
  of Student Academic Misconduct.

Type "yes" to confirm that you agree to the declaration above: yes
yes


Current day and time:	Mon Nov 15 07:53:06 2021
Assignment deadline:	Mon Nov 15 10:00:00 2021
A submission now would be 2 hours early

Type "yes" to continue with the submission: yes
Continuing with the submission...

Submission datestamp:	Mon Nov 15 07:53:07 2021
Assignment deadline:	Mon Nov 15 10:00:00 2021
This submission is 2 hours early
Warning: a mark of 0 has already been entered for student 5360132 for assignment iteration3
Your submission is ACCEPTED.
